2025-04-15 12:24:17,607 - __main__ - INFO - Started pygate with 2 threads on port 3002
2025-04-15 12:24:22,441 - pygate.gateway - INFO - 8c4b55ea-26dc-45a8-86de-0c587e0dbb4e | Username: None | From: 127.0.0.1:61738
2025-04-15 12:24:22,441 - pygate.gateway - INFO - 8c4b55ea-26dc-45a8-86de-0c587e0dbb4e | Username: None | From: 127.0.0.1:61738
2025-04-15 12:24:22,442 - pygate.gateway - INFO - 8c4b55ea-26dc-45a8-86de-0c587e0dbb4e | Endpoint: POST /platform/authorization
2025-04-15 12:24:22,442 - pygate.gateway - INFO - 8c4b55ea-26dc-45a8-86de-0c587e0dbb4e | Endpoint: POST /platform/authorization
2025-04-15 12:24:22,610 - pygate.gateway - INFO - 8c4b55ea-26dc-45a8-86de-0c587e0dbb4e | Total time: 168.98095703125ms
2025-04-15 12:24:22,610 - pygate.gateway - INFO - 8c4b55ea-26dc-45a8-86de-0c587e0dbb4e | Total time: 168.98095703125ms
2025-04-15 12:24:22,619 - pygate.gateway - INFO - 4593c21a-9cc6-4578-b427-266c5c9429c8 | Username: admin | From: 127.0.0.1:61740
2025-04-15 12:24:22,619 - pygate.gateway - INFO - 4593c21a-9cc6-4578-b427-266c5c9429c8 | Username: admin | From: 127.0.0.1:61740
2025-04-15 12:24:22,619 - pygate.gateway - INFO - 4593c21a-9cc6-4578-b427-266c5c9429c8 | Endpoint: POST /platform/role
2025-04-15 12:24:22,619 - pygate.gateway - INFO - 4593c21a-9cc6-4578-b427-266c5c9429c8 | Endpoint: POST /platform/role
2025-04-15 12:24:22,622 - pygate.gateway - INFO - 4593c21a-9cc6-4578-b427-266c5c9429c8 | Creating role: testrole1744734262.614314
2025-04-15 12:24:22,622 - pygate.gateway - INFO - 4593c21a-9cc6-4578-b427-266c5c9429c8 | Creating role: testrole1744734262.614314
2025-04-15 12:24:22,623 - pygate.gateway - INFO - 4593c21a-9cc6-4578-b427-266c5c9429c8 | Role creation successful
2025-04-15 12:24:22,623 - pygate.gateway - INFO - 4593c21a-9cc6-4578-b427-266c5c9429c8 | Role creation successful
2025-04-15 12:24:22,623 - pygate.gateway - INFO - 4593c21a-9cc6-4578-b427-266c5c9429c8 | Total time: 4.15625ms
2025-04-15 12:24:22,623 - pygate.gateway - INFO - 4593c21a-9cc6-4578-b427-266c5c9429c8 | Total time: 4.15625ms
2025-04-15 12:24:22,633 - pygate.gateway - INFO - 14ba6c9a-98e7-4cb8-8ccd-1a366b573cc7 | Username: admin | From: 127.0.0.1:61743
2025-04-15 12:24:22,633 - pygate.gateway - INFO - 14ba6c9a-98e7-4cb8-8ccd-1a366b573cc7 | Username: admin | From: 127.0.0.1:61743
2025-04-15 12:24:22,633 - pygate.gateway - INFO - 14ba6c9a-98e7-4cb8-8ccd-1a366b573cc7 | Endpoint: POST /platform/user
2025-04-15 12:24:22,633 - pygate.gateway - INFO - 14ba6c9a-98e7-4cb8-8ccd-1a366b573cc7 | Endpoint: POST /platform/user
2025-04-15 12:24:22,633 - pygate.gateway - INFO - 14ba6c9a-98e7-4cb8-8ccd-1a366b573cc7 | Creating user: newuser1744734262.624751
2025-04-15 12:24:22,633 - pygate.gateway - INFO - 14ba6c9a-98e7-4cb8-8ccd-1a366b573cc7 | Creating user: newuser1744734262.624751
2025-04-15 12:24:22,803 - pygate.gateway - INFO - 14ba6c9a-98e7-4cb8-8ccd-1a366b573cc7 | User creation successful
2025-04-15 12:24:22,803 - pygate.gateway - INFO - 14ba6c9a-98e7-4cb8-8ccd-1a366b573cc7 | User creation successful
2025-04-15 12:24:22,803 - pygate.gateway - INFO - 14ba6c9a-98e7-4cb8-8ccd-1a366b573cc7 | Total time: 170.296875ms
2025-04-15 12:24:22,803 - pygate.gateway - INFO - 14ba6c9a-98e7-4cb8-8ccd-1a366b573cc7 | Total time: 170.296875ms
2025-04-15 12:24:22,809 - pygate.gateway - INFO - 4cf40e56-9d2d-4d3c-8405-d2d68f97f735 | Username: admin | From: 127.0.0.1:61746
2025-04-15 12:24:22,809 - pygate.gateway - INFO - 4cf40e56-9d2d-4d3c-8405-d2d68f97f735 | Username: admin | From: 127.0.0.1:61746
2025-04-15 12:24:22,809 - pygate.gateway - INFO - 4cf40e56-9d2d-4d3c-8405-d2d68f97f735 | Endpoint: POST /platform/group
2025-04-15 12:24:22,809 - pygate.gateway - INFO - 4cf40e56-9d2d-4d3c-8405-d2d68f97f735 | Endpoint: POST /platform/group
2025-04-15 12:24:22,810 - pygate.gateway - INFO - 4cf40e56-9d2d-4d3c-8405-d2d68f97f735 | Creating group: testgroup1744734262.804704
2025-04-15 12:24:22,810 - pygate.gateway - INFO - 4cf40e56-9d2d-4d3c-8405-d2d68f97f735 | Creating group: testgroup1744734262.804704
2025-04-15 12:24:22,811 - pygate.gateway - INFO - 4cf40e56-9d2d-4d3c-8405-d2d68f97f735 | Group creation successful
2025-04-15 12:24:22,811 - pygate.gateway - INFO - 4cf40e56-9d2d-4d3c-8405-d2d68f97f735 | Group creation successful
2025-04-15 12:24:22,811 - pygate.gateway - INFO - 4cf40e56-9d2d-4d3c-8405-d2d68f97f735 | Total time: 1.8349609375ms
2025-04-15 12:24:22,811 - pygate.gateway - INFO - 4cf40e56-9d2d-4d3c-8405-d2d68f97f735 | Total time: 1.8349609375ms
2025-04-15 12:24:22,816 - pygate.gateway - INFO - 910e973d-b75d-4ac6-a25e-3d79d40870ed | Username: admin | From: 127.0.0.1:61748
2025-04-15 12:24:22,816 - pygate.gateway - INFO - 910e973d-b75d-4ac6-a25e-3d79d40870ed | Username: admin | From: 127.0.0.1:61748
2025-04-15 12:24:22,816 - pygate.gateway - INFO - 910e973d-b75d-4ac6-a25e-3d79d40870ed | Endpoint: GET /platform/group/all
2025-04-15 12:24:22,816 - pygate.gateway - INFO - 910e973d-b75d-4ac6-a25e-3d79d40870ed | Endpoint: GET /platform/group/all
2025-04-15 12:24:22,817 - pygate.gateway - INFO - 910e973d-b75d-4ac6-a25e-3d79d40870ed | Getting groups: Page=1 Page Size=10
2025-04-15 12:24:22,817 - pygate.gateway - INFO - 910e973d-b75d-4ac6-a25e-3d79d40870ed | Getting groups: Page=1 Page Size=10
2025-04-15 12:24:22,817 - pygate.gateway - INFO - 910e973d-b75d-4ac6-a25e-3d79d40870ed | Groups retrieval successful
2025-04-15 12:24:22,817 - pygate.gateway - INFO - 910e973d-b75d-4ac6-a25e-3d79d40870ed | Groups retrieval successful
2025-04-15 12:24:22,818 - pygate.gateway - INFO - 910e973d-b75d-4ac6-a25e-3d79d40870ed | Total time: 1.635009765625ms
2025-04-15 12:24:22,818 - pygate.gateway - INFO - 910e973d-b75d-4ac6-a25e-3d79d40870ed | Total time: 1.635009765625ms
2025-04-15 12:24:22,823 - pygate.gateway - INFO - d40fb4fa-564e-4f49-8466-82f82ebef826 | Username: admin | From: 127.0.0.1:61751
2025-04-15 12:24:22,823 - pygate.gateway - INFO - d40fb4fa-564e-4f49-8466-82f82ebef826 | Username: admin | From: 127.0.0.1:61751
2025-04-15 12:24:22,823 - pygate.gateway - INFO - d40fb4fa-564e-4f49-8466-82f82ebef826 | Endpoint: GET /platform/group/testgroup1744734262.804704
2025-04-15 12:24:22,823 - pygate.gateway - INFO - d40fb4fa-564e-4f49-8466-82f82ebef826 | Endpoint: GET /platform/group/testgroup1744734262.804704
2025-04-15 12:24:22,823 - pygate.gateway - INFO - d40fb4fa-564e-4f49-8466-82f82ebef826 | Getting group: testgroup1744734262.804704
2025-04-15 12:24:22,823 - pygate.gateway - INFO - d40fb4fa-564e-4f49-8466-82f82ebef826 | Getting group: testgroup1744734262.804704
2025-04-15 12:24:22,824 - pygate.gateway - INFO - d40fb4fa-564e-4f49-8466-82f82ebef826 | Group retrieval successful
2025-04-15 12:24:22,824 - pygate.gateway - INFO - d40fb4fa-564e-4f49-8466-82f82ebef826 | Group retrieval successful
2025-04-15 12:24:22,824 - pygate.gateway - INFO - d40fb4fa-564e-4f49-8466-82f82ebef826 | Total time: 0.892822265625ms
2025-04-15 12:24:22,824 - pygate.gateway - INFO - d40fb4fa-564e-4f49-8466-82f82ebef826 | Total time: 0.892822265625ms
2025-04-15 12:24:22,829 - pygate.gateway - INFO - 8e2c0883-90eb-45cc-8d7b-e735f2f9afa4 | Username: admin | From: 127.0.0.1:61754
2025-04-15 12:24:22,829 - pygate.gateway - INFO - 8e2c0883-90eb-45cc-8d7b-e735f2f9afa4 | Username: admin | From: 127.0.0.1:61754
2025-04-15 12:24:22,829 - pygate.gateway - INFO - 8e2c0883-90eb-45cc-8d7b-e735f2f9afa4 | Endpoint: GET /platform/role/all
2025-04-15 12:24:22,829 - pygate.gateway - INFO - 8e2c0883-90eb-45cc-8d7b-e735f2f9afa4 | Endpoint: GET /platform/role/all
2025-04-15 12:24:22,829 - pygate.gateway - INFO - 8e2c0883-90eb-45cc-8d7b-e735f2f9afa4 | Getting roles: Page=1 Page Size=10
2025-04-15 12:24:22,829 - pygate.gateway - INFO - 8e2c0883-90eb-45cc-8d7b-e735f2f9afa4 | Getting roles: Page=1 Page Size=10
2025-04-15 12:24:22,830 - pygate.gateway - INFO - 8e2c0883-90eb-45cc-8d7b-e735f2f9afa4 | Roles retrieval successful
2025-04-15 12:24:22,830 - pygate.gateway - INFO - 8e2c0883-90eb-45cc-8d7b-e735f2f9afa4 | Roles retrieval successful
2025-04-15 12:24:22,830 - pygate.gateway - INFO - 8e2c0883-90eb-45cc-8d7b-e735f2f9afa4 | Total time: 1.005126953125ms
2025-04-15 12:24:22,830 - pygate.gateway - INFO - 8e2c0883-90eb-45cc-8d7b-e735f2f9afa4 | Total time: 1.005126953125ms
2025-04-15 12:24:22,835 - pygate.gateway - INFO - f589a16a-124a-4ce9-b656-adae252b8e69 | Username: admin | From: 127.0.0.1:61757
2025-04-15 12:24:22,835 - pygate.gateway - INFO - f589a16a-124a-4ce9-b656-adae252b8e69 | Username: admin | From: 127.0.0.1:61757
2025-04-15 12:24:22,835 - pygate.gateway - INFO - f589a16a-124a-4ce9-b656-adae252b8e69 | Endpoint: GET /platform/role/testrole1744734262.614314
2025-04-15 12:24:22,835 - pygate.gateway - INFO - f589a16a-124a-4ce9-b656-adae252b8e69 | Endpoint: GET /platform/role/testrole1744734262.614314
2025-04-15 12:24:22,835 - pygate.gateway - INFO - f589a16a-124a-4ce9-b656-adae252b8e69 | Getting role: testrole1744734262.614314
2025-04-15 12:24:22,835 - pygate.gateway - INFO - f589a16a-124a-4ce9-b656-adae252b8e69 | Getting role: testrole1744734262.614314
2025-04-15 12:24:22,836 - pygate.gateway - INFO - f589a16a-124a-4ce9-b656-adae252b8e69 | Role retrieval successful
2025-04-15 12:24:22,836 - pygate.gateway - INFO - f589a16a-124a-4ce9-b656-adae252b8e69 | Role retrieval successful
2025-04-15 12:24:22,836 - pygate.gateway - INFO - f589a16a-124a-4ce9-b656-adae252b8e69 | Total time: 0.62109375ms
2025-04-15 12:24:22,836 - pygate.gateway - INFO - f589a16a-124a-4ce9-b656-adae252b8e69 | Total time: 0.62109375ms
2025-04-15 12:24:22,841 - pygate.gateway - INFO - 2ded817d-3089-4fab-8085-7f89f8e5527d | Username: admin | From: 127.0.0.1:61760
2025-04-15 12:24:22,841 - pygate.gateway - INFO - 2ded817d-3089-4fab-8085-7f89f8e5527d | Username: admin | From: 127.0.0.1:61760
2025-04-15 12:24:22,841 - pygate.gateway - INFO - 2ded817d-3089-4fab-8085-7f89f8e5527d | Endpoint: POST /platform/api
2025-04-15 12:24:22,841 - pygate.gateway - INFO - 2ded817d-3089-4fab-8085-7f89f8e5527d | Endpoint: POST /platform/api
2025-04-15 12:24:22,841 - pygate.gateway - INFO - 2ded817d-3089-4fab-8085-7f89f8e5527d | Creating API: testTjZuISYP v1
2025-04-15 12:24:22,841 - pygate.gateway - INFO - 2ded817d-3089-4fab-8085-7f89f8e5527d | Creating API: testTjZuISYP v1
2025-04-15 12:24:22,843 - pygate.gateway - INFO - 2ded817d-3089-4fab-8085-7f89f8e5527d | API creation successful
2025-04-15 12:24:22,843 - pygate.gateway - INFO - 2ded817d-3089-4fab-8085-7f89f8e5527d | API creation successful
2025-04-15 12:24:22,843 - pygate.gateway - INFO - 2ded817d-3089-4fab-8085-7f89f8e5527d | Total time: 1.89990234375ms
2025-04-15 12:24:22,843 - pygate.gateway - INFO - 2ded817d-3089-4fab-8085-7f89f8e5527d | Total time: 1.89990234375ms
2025-04-15 12:24:22,848 - pygate.gateway - INFO - 6f344ffb-15dd-4881-8e80-5257c74f2ced | Username: admin | From: 127.0.0.1:61762
2025-04-15 12:24:22,848 - pygate.gateway - INFO - 6f344ffb-15dd-4881-8e80-5257c74f2ced | Username: admin | From: 127.0.0.1:61762
2025-04-15 12:24:22,848 - pygate.gateway - INFO - 6f344ffb-15dd-4881-8e80-5257c74f2ced | Endpoint: POST /platform/endpoint
2025-04-15 12:24:22,848 - pygate.gateway - INFO - 6f344ffb-15dd-4881-8e80-5257c74f2ced | Endpoint: POST /platform/endpoint
2025-04-15 12:24:22,848 - pygate.gateway - INFO - 6f344ffb-15dd-4881-8e80-5257c74f2ced | Creating endpoint: testTjZuISYP v1 /users
2025-04-15 12:24:22,848 - pygate.gateway - INFO - 6f344ffb-15dd-4881-8e80-5257c74f2ced | Creating endpoint: testTjZuISYP v1 /users
2025-04-15 12:24:22,850 - pygate.gateway - INFO - 6f344ffb-15dd-4881-8e80-5257c74f2ced | Endpoint creation successful
2025-04-15 12:24:22,850 - pygate.gateway - INFO - 6f344ffb-15dd-4881-8e80-5257c74f2ced | Endpoint creation successful
2025-04-15 12:24:22,850 - pygate.gateway - INFO - 6f344ffb-15dd-4881-8e80-5257c74f2ced | Total time: 2.418701171875ms
2025-04-15 12:24:22,850 - pygate.gateway - INFO - 6f344ffb-15dd-4881-8e80-5257c74f2ced | Total time: 2.418701171875ms
2025-04-15 12:24:22,856 - pygate.gateway - INFO - 5e790fca-da0c-4eac-9166-efbf9147fb3d | Username: admin | From: 127.0.0.1:61764
2025-04-15 12:24:22,856 - pygate.gateway - INFO - 5e790fca-da0c-4eac-9166-efbf9147fb3d | Username: admin | From: 127.0.0.1:61764
2025-04-15 12:24:22,856 - pygate.gateway - INFO - 5e790fca-da0c-4eac-9166-efbf9147fb3d | Endpoint: POST /platform/subscription/subscribe
2025-04-15 12:24:22,856 - pygate.gateway - INFO - 5e790fca-da0c-4eac-9166-efbf9147fb3d | Endpoint: POST /platform/subscription/subscribe
2025-04-15 12:24:22,857 - pygate.gateway - INFO - 5e790fca-da0c-4eac-9166-efbf9147fb3d | Subscribing newuser1744734262.624751 to API: testTjZuISYP/v1
2025-04-15 12:24:22,857 - pygate.gateway - INFO - 5e790fca-da0c-4eac-9166-efbf9147fb3d | Subscribing newuser1744734262.624751 to API: testTjZuISYP/v1
2025-04-15 12:24:22,860 - pygate.gateway - INFO - 5e790fca-da0c-4eac-9166-efbf9147fb3d | Subscription successful
2025-04-15 12:24:22,860 - pygate.gateway - INFO - 5e790fca-da0c-4eac-9166-efbf9147fb3d | Subscription successful
2025-04-15 12:24:22,860 - pygate.gateway - INFO - 5e790fca-da0c-4eac-9166-efbf9147fb3d | Total time: 4.227783203125ms
2025-04-15 12:24:22,860 - pygate.gateway - INFO - 5e790fca-da0c-4eac-9166-efbf9147fb3d | Total time: 4.227783203125ms
2025-04-15 12:24:22,865 - pygate.gateway - INFO - f52f36fa-dc4e-4ab5-9d92-d06c2f144b44 | Username: None | From: 127.0.0.1:61767
2025-04-15 12:24:22,865 - pygate.gateway - INFO - f52f36fa-dc4e-4ab5-9d92-d06c2f144b44 | Username: None | From: 127.0.0.1:61767
2025-04-15 12:24:22,865 - pygate.gateway - INFO - f52f36fa-dc4e-4ab5-9d92-d06c2f144b44 | Endpoint: POST /platform/authorization
2025-04-15 12:24:22,865 - pygate.gateway - INFO - f52f36fa-dc4e-4ab5-9d92-d06c2f144b44 | Endpoint: POST /platform/authorization
2025-04-15 12:24:23,032 - pygate.gateway - INFO - f52f36fa-dc4e-4ab5-9d92-d06c2f144b44 | Total time: 167.261962890625ms
2025-04-15 12:24:23,032 - pygate.gateway - INFO - f52f36fa-dc4e-4ab5-9d92-d06c2f144b44 | Total time: 167.261962890625ms
2025-04-15 12:24:23,038 - pygate.gateway - INFO - d634efde-fced-4c46-ab0b-160d7851c744 | Username: newuser1744734262.624751 | From: 127.0.0.1:61769
2025-04-15 12:24:23,038 - pygate.gateway - INFO - d634efde-fced-4c46-ab0b-160d7851c744 | Username: newuser1744734262.624751 | From: 127.0.0.1:61769
2025-04-15 12:24:23,038 - pygate.gateway - INFO - d634efde-fced-4c46-ab0b-160d7851c744 | Endpoint: POST /platform/routing
2025-04-15 12:24:23,038 - pygate.gateway - INFO - d634efde-fced-4c46-ab0b-160d7851c744 | Endpoint: POST /platform/routing
2025-04-15 12:24:23,038 - pygate.gateway - INFO - d634efde-fced-4c46-ab0b-160d7851c744 | Creating routing: test_routing
2025-04-15 12:24:23,038 - pygate.gateway - INFO - d634efde-fced-4c46-ab0b-160d7851c744 | Creating routing: test_routing
2025-04-15 12:24:23,039 - pygate.gateway - INFO - d634efde-fced-4c46-ab0b-160d7851c744 | Routing creation successful
2025-04-15 12:24:23,039 - pygate.gateway - INFO - d634efde-fced-4c46-ab0b-160d7851c744 | Routing creation successful
2025-04-15 12:24:23,039 - pygate.gateway - INFO - d634efde-fced-4c46-ab0b-160d7851c744 | Total time: 1.8359375ms
2025-04-15 12:24:23,039 - pygate.gateway - INFO - d634efde-fced-4c46-ab0b-160d7851c744 | Total time: 1.8359375ms
2025-04-15 12:24:23,044 - pygate.gateway - INFO - b661bb46-d5b6-46fe-8c28-4bb76445250c | Username: newuser1744734262.624751 | From: 127.0.0.1:61771
2025-04-15 12:24:23,044 - pygate.gateway - INFO - b661bb46-d5b6-46fe-8c28-4bb76445250c | Username: newuser1744734262.624751 | From: 127.0.0.1:61771
2025-04-15 12:24:23,044 - pygate.gateway - INFO - b661bb46-d5b6-46fe-8c28-4bb76445250c | Endpoint: GET /platform/routing/test_routing1744734263.033532
2025-04-15 12:24:23,044 - pygate.gateway - INFO - b661bb46-d5b6-46fe-8c28-4bb76445250c | Endpoint: GET /platform/routing/test_routing1744734263.033532
2025-04-15 12:24:23,045 - pygate.gateway - INFO - b661bb46-d5b6-46fe-8c28-4bb76445250c | Getting: test_routing1744734263.033532
2025-04-15 12:24:23,045 - pygate.gateway - INFO - b661bb46-d5b6-46fe-8c28-4bb76445250c | Getting: test_routing1744734263.033532
2025-04-15 12:24:23,045 - pygate.gateway - INFO - b661bb46-d5b6-46fe-8c28-4bb76445250c | Routing retrieval successful
2025-04-15 12:24:23,045 - pygate.gateway - INFO - b661bb46-d5b6-46fe-8c28-4bb76445250c | Routing retrieval successful
2025-04-15 12:24:23,045 - pygate.gateway - INFO - b661bb46-d5b6-46fe-8c28-4bb76445250c | Total time: 0.565185546875ms
2025-04-15 12:24:23,045 - pygate.gateway - INFO - b661bb46-d5b6-46fe-8c28-4bb76445250c | Total time: 0.565185546875ms
2025-04-15 12:24:23,050 - pygate.gateway - INFO - fddfe691-99b4-4733-89f5-d7931a1b0ef9 | Username: newuser1744734262.624751 | From: 127.0.0.1:61773
2025-04-15 12:24:23,050 - pygate.gateway - INFO - fddfe691-99b4-4733-89f5-d7931a1b0ef9 | Username: newuser1744734262.624751 | From: 127.0.0.1:61773
2025-04-15 12:24:23,050 - pygate.gateway - INFO - fddfe691-99b4-4733-89f5-d7931a1b0ef9 | Endpoint: PUT /platform/routing/test_routing1744734263.033532
2025-04-15 12:24:23,050 - pygate.gateway - INFO - fddfe691-99b4-4733-89f5-d7931a1b0ef9 | Endpoint: PUT /platform/routing/test_routing1744734263.033532
2025-04-15 12:24:23,051 - pygate.gateway - INFO - fddfe691-99b4-4733-89f5-d7931a1b0ef9 | Updating: test_routing1744734263.033532
2025-04-15 12:24:23,051 - pygate.gateway - INFO - fddfe691-99b4-4733-89f5-d7931a1b0ef9 | Updating: test_routing1744734263.033532
2025-04-15 12:24:23,052 - pygate.gateway - INFO - fddfe691-99b4-4733-89f5-d7931a1b0ef9 | Routing update successful
2025-04-15 12:24:23,052 - pygate.gateway - INFO - fddfe691-99b4-4733-89f5-d7931a1b0ef9 | Routing update successful
2025-04-15 12:24:23,052 - pygate.gateway - INFO - fddfe691-99b4-4733-89f5-d7931a1b0ef9 | Total time: 2.1748046875ms
2025-04-15 12:24:23,052 - pygate.gateway - INFO - fddfe691-99b4-4733-89f5-d7931a1b0ef9 | Total time: 2.1748046875ms
2025-04-15 12:24:23,058 - pygate.gateway - INFO - 69c3cebe-09f0-41ed-986c-0565a6213934 | Time: 2025-04-15 12:24:23:58ms
2025-04-15 12:24:23,058 - pygate.gateway - INFO - 69c3cebe-09f0-41ed-986c-0565a6213934 | Time: 2025-04-15 12:24:23:58ms
2025-04-15 12:24:23,058 - pygate.gateway - INFO - 69c3cebe-09f0-41ed-986c-0565a6213934 | Username: newuser1744734262.624751 | From: 127.0.0.1:61775
2025-04-15 12:24:23,058 - pygate.gateway - INFO - 69c3cebe-09f0-41ed-986c-0565a6213934 | Username: newuser1744734262.624751 | From: 127.0.0.1:61775
2025-04-15 12:24:23,058 - pygate.gateway - INFO - 69c3cebe-09f0-41ed-986c-0565a6213934 | Endpoint: GET /api/rest/testTjZuISYP/v1/users
2025-04-15 12:24:23,058 - pygate.gateway - INFO - 69c3cebe-09f0-41ed-986c-0565a6213934 | Endpoint: GET /api/rest/testTjZuISYP/v1/users
2025-04-15 12:24:23,060 - pygate.gateway - INFO - 69c3cebe-09f0-41ed-986c-0565a6213934 | REST gateway trying resource: testTjZuISYP/v1/users
2025-04-15 12:24:23,060 - pygate.gateway - INFO - 69c3cebe-09f0-41ed-986c-0565a6213934 | REST gateway trying resource: testTjZuISYP/v1/users
2025-04-15 12:24:23,061 - pygate.gateway - INFO - 69c3cebe-09f0-41ed-986c-0565a6213934 | REST gateway to: https://fake-json-api.mock.beeceptor.com/
2025-04-15 12:24:23,061 - pygate.gateway - INFO - 69c3cebe-09f0-41ed-986c-0565a6213934 | REST gateway to: https://fake-json-api.mock.beeceptor.com/
2025-04-15 12:24:23,509 - pygate.gateway - INFO - 69c3cebe-09f0-41ed-986c-0565a6213934 | REST gateway status code: 200
2025-04-15 12:24:23,509 - pygate.gateway - INFO - 69c3cebe-09f0-41ed-986c-0565a6213934 | REST gateway status code: 200
2025-04-15 12:24:23,509 - pygate.gateway - INFO - 69c3cebe-09f0-41ed-986c-0565a6213934 | Gateway time 2.856201171875ms
2025-04-15 12:24:23,509 - pygate.gateway - INFO - 69c3cebe-09f0-41ed-986c-0565a6213934 | Gateway time 2.856201171875ms
2025-04-15 12:24:23,509 - pygate.gateway - INFO - 69c3cebe-09f0-41ed-986c-0565a6213934 | Backend time 447.682861328125ms
2025-04-15 12:24:23,509 - pygate.gateway - INFO - 69c3cebe-09f0-41ed-986c-0565a6213934 | Backend time 447.682861328125ms
2025-04-15 12:24:23,510 - pygate.gateway - INFO - 69c3cebe-09f0-41ed-986c-0565a6213934 | Total time: 451.779052734375ms
2025-04-15 12:24:23,510 - pygate.gateway - INFO - 69c3cebe-09f0-41ed-986c-0565a6213934 | Total time: 451.779052734375ms
2025-04-15 12:24:23,529 - pygate.gateway - INFO - 21c62ad0-e00c-48d1-9e5f-c550d5601d8d | Username: newuser1744734262.624751 | From: 127.0.0.1:61779
2025-04-15 12:24:23,529 - pygate.gateway - INFO - 21c62ad0-e00c-48d1-9e5f-c550d5601d8d | Username: newuser1744734262.624751 | From: 127.0.0.1:61779
2025-04-15 12:24:23,529 - pygate.gateway - INFO - 21c62ad0-e00c-48d1-9e5f-c550d5601d8d | Endpoint: DELETE /platform/routing/test_routing1744734263.033532
2025-04-15 12:24:23,529 - pygate.gateway - INFO - 21c62ad0-e00c-48d1-9e5f-c550d5601d8d | Endpoint: DELETE /platform/routing/test_routing1744734263.033532
2025-04-15 12:24:23,529 - pygate.gateway - INFO - 21c62ad0-e00c-48d1-9e5f-c550d5601d8d | Deleting: test_routing1744734263.033532
2025-04-15 12:24:23,529 - pygate.gateway - INFO - 21c62ad0-e00c-48d1-9e5f-c550d5601d8d | Deleting: test_routing1744734263.033532
2025-04-15 12:24:23,531 - pygate.gateway - INFO - 21c62ad0-e00c-48d1-9e5f-c550d5601d8d | Routing deletion successful
2025-04-15 12:24:23,531 - pygate.gateway - INFO - 21c62ad0-e00c-48d1-9e5f-c550d5601d8d | Routing deletion successful
2025-04-15 12:24:23,531 - pygate.gateway - INFO - 21c62ad0-e00c-48d1-9e5f-c550d5601d8d | Total time: 2.48388671875ms
2025-04-15 12:24:23,531 - pygate.gateway - INFO - 21c62ad0-e00c-48d1-9e5f-c550d5601d8d | Total time: 2.48388671875ms
2025-04-15 12:24:23,544 - pygate.gateway - INFO - 7d77e2db-b30e-47ed-8471-1c25179ff005 | Time: 2025-04-15 12:24:23:544ms
2025-04-15 12:24:23,544 - pygate.gateway - INFO - 7d77e2db-b30e-47ed-8471-1c25179ff005 | Time: 2025-04-15 12:24:23:544ms
2025-04-15 12:24:23,544 - pygate.gateway - INFO - 7d77e2db-b30e-47ed-8471-1c25179ff005 | Username: newuser1744734262.624751 | From: 127.0.0.1:61781
2025-04-15 12:24:23,544 - pygate.gateway - INFO - 7d77e2db-b30e-47ed-8471-1c25179ff005 | Username: newuser1744734262.624751 | From: 127.0.0.1:61781
2025-04-15 12:24:23,544 - pygate.gateway - INFO - 7d77e2db-b30e-47ed-8471-1c25179ff005 | Endpoint: GET /api/rest/testTjZuISYP/v1/users
2025-04-15 12:24:23,544 - pygate.gateway - INFO - 7d77e2db-b30e-47ed-8471-1c25179ff005 | Endpoint: GET /api/rest/testTjZuISYP/v1/users
2025-04-15 12:24:23,545 - pygate.gateway - INFO - 7d77e2db-b30e-47ed-8471-1c25179ff005 | REST gateway trying resource: testTjZuISYP/v1/users
2025-04-15 12:24:23,545 - pygate.gateway - INFO - 7d77e2db-b30e-47ed-8471-1c25179ff005 | REST gateway trying resource: testTjZuISYP/v1/users
2025-04-15 12:24:23,545 - pygate.gateway - INFO - 7d77e2db-b30e-47ed-8471-1c25179ff005 | REST gateway to: https://fake-json-api.mock.beeceptor.com/
2025-04-15 12:24:23,545 - pygate.gateway - INFO - 7d77e2db-b30e-47ed-8471-1c25179ff005 | REST gateway to: https://fake-json-api.mock.beeceptor.com/
2025-04-15 12:24:23,804 - pygate.gateway - INFO - 7d77e2db-b30e-47ed-8471-1c25179ff005 | REST gateway status code: 200
2025-04-15 12:24:23,804 - pygate.gateway - INFO - 7d77e2db-b30e-47ed-8471-1c25179ff005 | REST gateway status code: 200
2025-04-15 12:24:23,805 - pygate.gateway - INFO - 7d77e2db-b30e-47ed-8471-1c25179ff005 | Gateway time 1.13818359375ms
2025-04-15 12:24:23,805 - pygate.gateway - INFO - 7d77e2db-b30e-47ed-8471-1c25179ff005 | Gateway time 1.13818359375ms
2025-04-15 12:24:23,805 - pygate.gateway - INFO - 7d77e2db-b30e-47ed-8471-1c25179ff005 | Backend time 258.930908203125ms
2025-04-15 12:24:23,805 - pygate.gateway - INFO - 7d77e2db-b30e-47ed-8471-1c25179ff005 | Backend time 258.930908203125ms
2025-04-15 12:24:23,805 - pygate.gateway - INFO - 7d77e2db-b30e-47ed-8471-1c25179ff005 | Total time: 260.965087890625ms
2025-04-15 12:24:23,805 - pygate.gateway - INFO - 7d77e2db-b30e-47ed-8471-1c25179ff005 | Total time: 260.965087890625ms
2025-04-15 12:24:23,821 - pygate.gateway - INFO - bac184a7-9460-4dcd-a7d7-45386e3a58e7 | Time: 2025-04-15 12:24:23:821ms
2025-04-15 12:24:23,821 - pygate.gateway - INFO - bac184a7-9460-4dcd-a7d7-45386e3a58e7 | Time: 2025-04-15 12:24:23:821ms
2025-04-15 12:24:23,821 - pygate.gateway - INFO - bac184a7-9460-4dcd-a7d7-45386e3a58e7 | Username: newuser1744734262.624751 | From: 127.0.0.1:61784
2025-04-15 12:24:23,821 - pygate.gateway - INFO - bac184a7-9460-4dcd-a7d7-45386e3a58e7 | Username: newuser1744734262.624751 | From: 127.0.0.1:61784
2025-04-15 12:24:23,821 - pygate.gateway - INFO - bac184a7-9460-4dcd-a7d7-45386e3a58e7 | Endpoint: GET /api/rest/testTjZuISYP/v1/users
2025-04-15 12:24:23,821 - pygate.gateway - INFO - bac184a7-9460-4dcd-a7d7-45386e3a58e7 | Endpoint: GET /api/rest/testTjZuISYP/v1/users
2025-04-15 12:24:23,822 - pygate.gateway - INFO - bac184a7-9460-4dcd-a7d7-45386e3a58e7 | Total time: 0.501220703125ms
2025-04-15 12:24:23,822 - pygate.gateway - INFO - bac184a7-9460-4dcd-a7d7-45386e3a58e7 | Total time: 0.501220703125ms
2025-04-15 12:24:23,831 - pygate.gateway - INFO - 98442992-c891-4737-ab3c-71c3ffa6d373 | Username: newuser1744734262.624751 | From: 127.0.0.1:61786
2025-04-15 12:24:23,831 - pygate.gateway - INFO - 98442992-c891-4737-ab3c-71c3ffa6d373 | Username: newuser1744734262.624751 | From: 127.0.0.1:61786
2025-04-15 12:24:23,831 - pygate.gateway - INFO - 98442992-c891-4737-ab3c-71c3ffa6d373 | Endpoint: POST /platform/subscription/unsubscribe
2025-04-15 12:24:23,831 - pygate.gateway - INFO - 98442992-c891-4737-ab3c-71c3ffa6d373 | Endpoint: POST /platform/subscription/unsubscribe
2025-04-15 12:24:23,832 - pygate.gateway - INFO - 98442992-c891-4737-ab3c-71c3ffa6d373 | Unsubscribing newuser1744734262.624751 from API: testTjZuISYP/v1
2025-04-15 12:24:23,832 - pygate.gateway - INFO - 98442992-c891-4737-ab3c-71c3ffa6d373 | Unsubscribing newuser1744734262.624751 from API: testTjZuISYP/v1
2025-04-15 12:24:23,833 - pygate.gateway - INFO - 98442992-c891-4737-ab3c-71c3ffa6d373 | Unsubscription successful
2025-04-15 12:24:23,833 - pygate.gateway - INFO - 98442992-c891-4737-ab3c-71c3ffa6d373 | Unsubscription successful
2025-04-15 12:24:23,833 - pygate.gateway - INFO - 98442992-c891-4737-ab3c-71c3ffa6d373 | Total time: 2.06591796875ms
2025-04-15 12:24:23,833 - pygate.gateway - INFO - 98442992-c891-4737-ab3c-71c3ffa6d373 | Total time: 2.06591796875ms
2025-04-15 12:24:23,842 - pygate.gateway - INFO - User newuser1744734262.624751 attempted access to testTjZuISYP/v1
2025-04-15 12:24:23,842 - pygate.gateway - INFO - User newuser1744734262.624751 attempted access to testTjZuISYP/v1
2025-04-15 12:24:23,850 - pygate.gateway - INFO - 2235fd61-2258-426a-b668-346b13864b1f | Username: newuser1744734262.624751 | From: 127.0.0.1:61790
2025-04-15 12:24:23,850 - pygate.gateway - INFO - 2235fd61-2258-426a-b668-346b13864b1f | Username: newuser1744734262.624751 | From: 127.0.0.1:61790
2025-04-15 12:24:23,851 - pygate.gateway - INFO - 2235fd61-2258-426a-b668-346b13864b1f | Endpoint: GET /platform/api/testTjZuISYP/v1
2025-04-15 12:24:23,851 - pygate.gateway - INFO - 2235fd61-2258-426a-b668-346b13864b1f | Endpoint: GET /platform/api/testTjZuISYP/v1
2025-04-15 12:24:23,851 - pygate.gateway - INFO - 2235fd61-2258-426a-b668-346b13864b1f | Getting API: testTjZuISYP v1
2025-04-15 12:24:23,851 - pygate.gateway - INFO - 2235fd61-2258-426a-b668-346b13864b1f | Getting API: testTjZuISYP v1
2025-04-15 12:24:23,851 - pygate.gateway - INFO - 2235fd61-2258-426a-b668-346b13864b1f | API retrieval successful
2025-04-15 12:24:23,851 - pygate.gateway - INFO - 2235fd61-2258-426a-b668-346b13864b1f | API retrieval successful
2025-04-15 12:24:23,852 - pygate.gateway - INFO - 2235fd61-2258-426a-b668-346b13864b1f | Total time: 1.239013671875ms
2025-04-15 12:24:23,852 - pygate.gateway - INFO - 2235fd61-2258-426a-b668-346b13864b1f | Total time: 1.239013671875ms
2025-04-15 12:24:23,861 - pygate.gateway - INFO - bf124617-3fd3-43e2-9abd-dd43bc95550a | Username: newuser1744734262.624751 | From: 127.0.0.1:61793
2025-04-15 12:24:23,861 - pygate.gateway - INFO - bf124617-3fd3-43e2-9abd-dd43bc95550a | Username: newuser1744734262.624751 | From: 127.0.0.1:61793
2025-04-15 12:24:23,861 - pygate.gateway - INFO - bf124617-3fd3-43e2-9abd-dd43bc95550a | Endpoint: GET /platform/api/all
2025-04-15 12:24:23,861 - pygate.gateway - INFO - bf124617-3fd3-43e2-9abd-dd43bc95550a | Endpoint: GET /platform/api/all
2025-04-15 12:24:23,862 - pygate.gateway - INFO - bf124617-3fd3-43e2-9abd-dd43bc95550a | Getting APIs: Page=1 Page Size=10
2025-04-15 12:24:23,862 - pygate.gateway - INFO - bf124617-3fd3-43e2-9abd-dd43bc95550a | Getting APIs: Page=1 Page Size=10
2025-04-15 12:24:23,862 - pygate.gateway - INFO - bf124617-3fd3-43e2-9abd-dd43bc95550a | APIs retrieval successful
2025-04-15 12:24:23,862 - pygate.gateway - INFO - bf124617-3fd3-43e2-9abd-dd43bc95550a | APIs retrieval successful
2025-04-15 12:24:23,863 - pygate.gateway - INFO - bf124617-3fd3-43e2-9abd-dd43bc95550a | Total time: 1.72265625ms
2025-04-15 12:24:23,863 - pygate.gateway - INFO - bf124617-3fd3-43e2-9abd-dd43bc95550a | Total time: 1.72265625ms
2025-04-15 12:24:23,872 - pygate.gateway - INFO - 24ffedd4-3ac7-4433-8cda-adf32f74e1e9 | Username: newuser1744734262.624751 | From: 127.0.0.1:61796
2025-04-15 12:24:23,872 - pygate.gateway - INFO - 24ffedd4-3ac7-4433-8cda-adf32f74e1e9 | Username: newuser1744734262.624751 | From: 127.0.0.1:61796
2025-04-15 12:24:23,873 - pygate.gateway - INFO - 24ffedd4-3ac7-4433-8cda-adf32f74e1e9 | Endpoint: GET /platform/endpoint/testTjZuISYP/v1
2025-04-15 12:24:23,873 - pygate.gateway - INFO - 24ffedd4-3ac7-4433-8cda-adf32f74e1e9 | Endpoint: GET /platform/endpoint/testTjZuISYP/v1
2025-04-15 12:24:23,873 - pygate.gateway - INFO - 24ffedd4-3ac7-4433-8cda-adf32f74e1e9 | Getting: testTjZuISYP v1
2025-04-15 12:24:23,873 - pygate.gateway - INFO - 24ffedd4-3ac7-4433-8cda-adf32f74e1e9 | Getting: testTjZuISYP v1
2025-04-15 12:24:23,874 - pygate.gateway - INFO - 24ffedd4-3ac7-4433-8cda-adf32f74e1e9 | Endpoint retrieval successful
2025-04-15 12:24:23,874 - pygate.gateway - INFO - 24ffedd4-3ac7-4433-8cda-adf32f74e1e9 | Endpoint retrieval successful
2025-04-15 12:24:23,874 - pygate.gateway - INFO - 24ffedd4-3ac7-4433-8cda-adf32f74e1e9 | Total time: 1.4892578125ms
2025-04-15 12:24:23,874 - pygate.gateway - INFO - 24ffedd4-3ac7-4433-8cda-adf32f74e1e9 | Total time: 1.4892578125ms
2025-04-15 12:24:23,881 - pygate.gateway - INFO - d0e48657-facd-43ba-bd8d-51e7e08f82f7 | Username: newuser1744734262.624751 | From: 127.0.0.1:61799
2025-04-15 12:24:23,881 - pygate.gateway - INFO - d0e48657-facd-43ba-bd8d-51e7e08f82f7 | Username: newuser1744734262.624751 | From: 127.0.0.1:61799
2025-04-15 12:24:23,881 - pygate.gateway - INFO - d0e48657-facd-43ba-bd8d-51e7e08f82f7 | Endpoint: POST /platform/subscription/subscribe
2025-04-15 12:24:23,881 - pygate.gateway - INFO - d0e48657-facd-43ba-bd8d-51e7e08f82f7 | Endpoint: POST /platform/subscription/subscribe
2025-04-15 12:24:23,882 - pygate.gateway - INFO - d0e48657-facd-43ba-bd8d-51e7e08f82f7 | Subscribing newuser1744734262.624751 to API: testTjZuISYP/v1
2025-04-15 12:24:23,882 - pygate.gateway - INFO - d0e48657-facd-43ba-bd8d-51e7e08f82f7 | Subscribing newuser1744734262.624751 to API: testTjZuISYP/v1
2025-04-15 12:24:23,883 - pygate.gateway - INFO - d0e48657-facd-43ba-bd8d-51e7e08f82f7 | Subscription successful
2025-04-15 12:24:23,883 - pygate.gateway - INFO - d0e48657-facd-43ba-bd8d-51e7e08f82f7 | Subscription successful
2025-04-15 12:24:23,883 - pygate.gateway - INFO - d0e48657-facd-43ba-bd8d-51e7e08f82f7 | Total time: 2.2109375ms
2025-04-15 12:24:23,883 - pygate.gateway - INFO - d0e48657-facd-43ba-bd8d-51e7e08f82f7 | Total time: 2.2109375ms
2025-04-15 12:24:23,892 - pygate.gateway - INFO - bc29648f-6394-40a9-adb7-5c613bfb705a | Username: newuser1744734262.624751 | From: 127.0.0.1:61801
2025-04-15 12:24:23,892 - pygate.gateway - INFO - bc29648f-6394-40a9-adb7-5c613bfb705a | Username: newuser1744734262.624751 | From: 127.0.0.1:61801
2025-04-15 12:24:23,892 - pygate.gateway - INFO - bc29648f-6394-40a9-adb7-5c613bfb705a | Endpoint: PUT /platform/user/newuser1744734262.624751
2025-04-15 12:24:23,892 - pygate.gateway - INFO - bc29648f-6394-40a9-adb7-5c613bfb705a | Endpoint: PUT /platform/user/newuser1744734262.624751
2025-04-15 12:24:23,892 - pygate.gateway - INFO - bc29648f-6394-40a9-adb7-5c613bfb705a | Updating user: newuser1744734262.624751
2025-04-15 12:24:23,892 - pygate.gateway - INFO - bc29648f-6394-40a9-adb7-5c613bfb705a | Updating user: newuser1744734262.624751
2025-04-15 12:24:23,893 - pygate.gateway - INFO - bc29648f-6394-40a9-adb7-5c613bfb705a | User update successful
2025-04-15 12:24:23,893 - pygate.gateway - INFO - bc29648f-6394-40a9-adb7-5c613bfb705a | User update successful
2025-04-15 12:24:23,893 - pygate.gateway - INFO - bc29648f-6394-40a9-adb7-5c613bfb705a | Total time: 1.2451171875ms
2025-04-15 12:24:23,893 - pygate.gateway - INFO - bc29648f-6394-40a9-adb7-5c613bfb705a | Total time: 1.2451171875ms
2025-04-15 12:24:23,904 - pygate.gateway - INFO - fb1332e1-ac03-4c4b-963b-09e12c114eff | Username: newuser1744734262.624751 | From: 127.0.0.1:61803
2025-04-15 12:24:23,904 - pygate.gateway - INFO - fb1332e1-ac03-4c4b-963b-09e12c114eff | Username: newuser1744734262.624751 | From: 127.0.0.1:61803
2025-04-15 12:24:23,904 - pygate.gateway - INFO - fb1332e1-ac03-4c4b-963b-09e12c114eff | Endpoint: PUT /platform/user/newuser1744734262.624751/update-password
2025-04-15 12:24:23,904 - pygate.gateway - INFO - fb1332e1-ac03-4c4b-963b-09e12c114eff | Endpoint: PUT /platform/user/newuser1744734262.624751/update-password
2025-04-15 12:24:23,904 - pygate.gateway - INFO - fb1332e1-ac03-4c4b-963b-09e12c114eff | Updating password for user: newuser1744734262.624751
2025-04-15 12:24:23,904 - pygate.gateway - INFO - fb1332e1-ac03-4c4b-963b-09e12c114eff | Updating password for user: newuser1744734262.624751
2025-04-15 12:24:24,074 - pygate.gateway - INFO - fb1332e1-ac03-4c4b-963b-09e12c114eff | User password update successful
2025-04-15 12:24:24,074 - pygate.gateway - INFO - fb1332e1-ac03-4c4b-963b-09e12c114eff | User password update successful
2025-04-15 12:24:24,074 - pygate.gateway - INFO - fb1332e1-ac03-4c4b-963b-09e12c114eff | Total time: 169.9560546875ms
2025-04-15 12:24:24,074 - pygate.gateway - INFO - fb1332e1-ac03-4c4b-963b-09e12c114eff | Total time: 169.9560546875ms
2025-04-15 12:24:24,080 - pygate.gateway - INFO - 5442f29b-f280-4a29-a758-46cce4f090be | Username: newuser1744734262.624751 | From: 127.0.0.1:61805
2025-04-15 12:24:24,080 - pygate.gateway - INFO - 5442f29b-f280-4a29-a758-46cce4f090be | Username: newuser1744734262.624751 | From: 127.0.0.1:61805
2025-04-15 12:24:24,080 - pygate.gateway - INFO - 5442f29b-f280-4a29-a758-46cce4f090be | Endpoint: GET /platform/user/newuser1744734262.624751
2025-04-15 12:24:24,080 - pygate.gateway - INFO - 5442f29b-f280-4a29-a758-46cce4f090be | Endpoint: GET /platform/user/newuser1744734262.624751
2025-04-15 12:24:24,080 - pygate.gateway - INFO - 5442f29b-f280-4a29-a758-46cce4f090be | Getting user: newuser1744734262.624751
2025-04-15 12:24:24,080 - pygate.gateway - INFO - 5442f29b-f280-4a29-a758-46cce4f090be | Getting user: newuser1744734262.624751
2025-04-15 12:24:24,080 - pygate.gateway - INFO - 5442f29b-f280-4a29-a758-46cce4f090be | User retrieval successful
2025-04-15 12:24:24,080 - pygate.gateway - INFO - 5442f29b-f280-4a29-a758-46cce4f090be | User retrieval successful
2025-04-15 12:24:24,080 - pygate.gateway - INFO - 5442f29b-f280-4a29-a758-46cce4f090be | Total time: 0.357177734375ms
2025-04-15 12:24:24,080 - pygate.gateway - INFO - 5442f29b-f280-4a29-a758-46cce4f090be | Total time: 0.357177734375ms
2025-04-15 12:24:24,086 - pygate.gateway - INFO - c87930b3-af7b-49e6-8e86-5a5b4fe957e4 | Username: newuser1744734262.624751 | From: 127.0.0.1:61807
2025-04-15 12:24:24,086 - pygate.gateway - INFO - c87930b3-af7b-49e6-8e86-5a5b4fe957e4 | Username: newuser1744734262.624751 | From: 127.0.0.1:61807
2025-04-15 12:24:24,086 - pygate.gateway - INFO - c87930b3-af7b-49e6-8e86-5a5b4fe957e4 | Endpoint: GET /platform/user/email/newuser1744734263.88604@pygate.org
2025-04-15 12:24:24,086 - pygate.gateway - INFO - c87930b3-af7b-49e6-8e86-5a5b4fe957e4 | Endpoint: GET /platform/user/email/newuser1744734263.88604@pygate.org
2025-04-15 12:24:24,086 - pygate.gateway - INFO - c87930b3-af7b-49e6-8e86-5a5b4fe957e4 | Getting user by email: newuser1744734263.88604@pygate.org
2025-04-15 12:24:24,086 - pygate.gateway - INFO - c87930b3-af7b-49e6-8e86-5a5b4fe957e4 | Getting user by email: newuser1744734263.88604@pygate.org
2025-04-15 12:24:24,087 - pygate.gateway - INFO - c87930b3-af7b-49e6-8e86-5a5b4fe957e4 | User retrieval successful
2025-04-15 12:24:24,087 - pygate.gateway - INFO - c87930b3-af7b-49e6-8e86-5a5b4fe957e4 | User retrieval successful
2025-04-15 12:24:24,087 - pygate.gateway - INFO - c87930b3-af7b-49e6-8e86-5a5b4fe957e4 | Total time: 0.764892578125ms
2025-04-15 12:24:24,087 - pygate.gateway - INFO - c87930b3-af7b-49e6-8e86-5a5b4fe957e4 | Total time: 0.764892578125ms
2025-04-15 12:24:24,092 - pygate.gateway - INFO - 716c8c02-1d4e-4eec-95de-7012bf337723 | Username: newuser1744734262.624751 | From: 127.0.0.1:61809
2025-04-15 12:24:24,092 - pygate.gateway - INFO - 716c8c02-1d4e-4eec-95de-7012bf337723 | Username: newuser1744734262.624751 | From: 127.0.0.1:61809
2025-04-15 12:24:24,092 - pygate.gateway - INFO - 716c8c02-1d4e-4eec-95de-7012bf337723 | Endpoint: POST /platform/authorization/refresh
2025-04-15 12:24:24,092 - pygate.gateway - INFO - 716c8c02-1d4e-4eec-95de-7012bf337723 | Endpoint: POST /platform/authorization/refresh
2025-04-15 12:24:24,093 - pygate.gateway - INFO - 716c8c02-1d4e-4eec-95de-7012bf337723 | Total time: 0.369873046875ms
2025-04-15 12:24:24,093 - pygate.gateway - INFO - 716c8c02-1d4e-4eec-95de-7012bf337723 | Total time: 0.369873046875ms
2025-04-15 12:24:24,098 - pygate.gateway - INFO - a7cf9711-5c14-4a41-a7c9-77225580e440 | Username: newuser1744734262.624751 | From: 127.0.0.1:61811
2025-04-15 12:24:24,098 - pygate.gateway - INFO - a7cf9711-5c14-4a41-a7c9-77225580e440 | Username: newuser1744734262.624751 | From: 127.0.0.1:61811
2025-04-15 12:24:24,098 - pygate.gateway - INFO - a7cf9711-5c14-4a41-a7c9-77225580e440 | Endpoint: PUT /platform/api/testTjZuISYP/v1
2025-04-15 12:24:24,098 - pygate.gateway - INFO - a7cf9711-5c14-4a41-a7c9-77225580e440 | Endpoint: PUT /platform/api/testTjZuISYP/v1
2025-04-15 12:24:24,099 - pygate.gateway - INFO - a7cf9711-5c14-4a41-a7c9-77225580e440 | Updating API: testTjZuISYP v1
2025-04-15 12:24:24,099 - pygate.gateway - INFO - a7cf9711-5c14-4a41-a7c9-77225580e440 | Updating API: testTjZuISYP v1
2025-04-15 12:24:24,099 - pygate.gateway - INFO - a7cf9711-5c14-4a41-a7c9-77225580e440 | API updated successful
2025-04-15 12:24:24,099 - pygate.gateway - INFO - a7cf9711-5c14-4a41-a7c9-77225580e440 | API updated successful
2025-04-15 12:24:24,099 - pygate.gateway - INFO - a7cf9711-5c14-4a41-a7c9-77225580e440 | Total time: 1.321044921875ms
2025-04-15 12:24:24,099 - pygate.gateway - INFO - a7cf9711-5c14-4a41-a7c9-77225580e440 | Total time: 1.321044921875ms
2025-04-15 12:24:24,105 - pygate.gateway - INFO - bb1e60a0-3719-4da5-b02d-897deb3f4154 | Username: newuser1744734262.624751 | From: 127.0.0.1:61813
2025-04-15 12:24:24,105 - pygate.gateway - INFO - bb1e60a0-3719-4da5-b02d-897deb3f4154 | Username: newuser1744734262.624751 | From: 127.0.0.1:61813
2025-04-15 12:24:24,105 - pygate.gateway - INFO - bb1e60a0-3719-4da5-b02d-897deb3f4154 | Endpoint: PUT /platform/endpoint/GET/testTjZuISYP/v1/users
2025-04-15 12:24:24,105 - pygate.gateway - INFO - bb1e60a0-3719-4da5-b02d-897deb3f4154 | Endpoint: PUT /platform/endpoint/GET/testTjZuISYP/v1/users
2025-04-15 12:24:24,105 - pygate.gateway - INFO - bb1e60a0-3719-4da5-b02d-897deb3f4154 | Updating endpoint: testTjZuISYP v1 /users
2025-04-15 12:24:24,105 - pygate.gateway - INFO - bb1e60a0-3719-4da5-b02d-897deb3f4154 | Updating endpoint: testTjZuISYP v1 /users
2025-04-15 12:24:24,106 - pygate.gateway - INFO - bb1e60a0-3719-4da5-b02d-897deb3f4154 | Endpoint update successful
2025-04-15 12:24:24,106 - pygate.gateway - INFO - bb1e60a0-3719-4da5-b02d-897deb3f4154 | Endpoint update successful
2025-04-15 12:24:24,106 - pygate.gateway - INFO - bb1e60a0-3719-4da5-b02d-897deb3f4154 | Total time: 1.111083984375ms
2025-04-15 12:24:24,106 - pygate.gateway - INFO - bb1e60a0-3719-4da5-b02d-897deb3f4154 | Total time: 1.111083984375ms
2025-04-15 12:24:24,111 - pygate.gateway - INFO - e559236a-55a7-4628-8a9f-a45360a97c05 | Username: newuser1744734262.624751 | From: 127.0.0.1:61815
2025-04-15 12:24:24,111 - pygate.gateway - INFO - e559236a-55a7-4628-8a9f-a45360a97c05 | Username: newuser1744734262.624751 | From: 127.0.0.1:61815
2025-04-15 12:24:24,111 - pygate.gateway - INFO - e559236a-55a7-4628-8a9f-a45360a97c05 | Endpoint: DELETE /platform/endpoint/GET/testTjZuISYP/v1/users
2025-04-15 12:24:24,111 - pygate.gateway - INFO - e559236a-55a7-4628-8a9f-a45360a97c05 | Endpoint: DELETE /platform/endpoint/GET/testTjZuISYP/v1/users
2025-04-15 12:24:24,112 - pygate.gateway - INFO - e559236a-55a7-4628-8a9f-a45360a97c05 | Deleting: testTjZuISYP v1 /users
2025-04-15 12:24:24,112 - pygate.gateway - INFO - e559236a-55a7-4628-8a9f-a45360a97c05 | Deleting: testTjZuISYP v1 /users
2025-04-15 12:24:24,114 - pygate.gateway - INFO - e559236a-55a7-4628-8a9f-a45360a97c05 | Endpoint deletion successful
2025-04-15 12:24:24,114 - pygate.gateway - INFO - e559236a-55a7-4628-8a9f-a45360a97c05 | Endpoint deletion successful
2025-04-15 12:24:24,116 - pygate.gateway - INFO - e559236a-55a7-4628-8a9f-a45360a97c05 | Total time: 5.31982421875ms
2025-04-15 12:24:24,116 - pygate.gateway - INFO - e559236a-55a7-4628-8a9f-a45360a97c05 | Total time: 5.31982421875ms
2025-04-15 12:24:24,122 - pygate.gateway - INFO - 65915f9c-f842-4105-93cf-bc915707888c | Username: newuser1744734262.624751 | From: 127.0.0.1:61817
2025-04-15 12:24:24,122 - pygate.gateway - INFO - 65915f9c-f842-4105-93cf-bc915707888c | Username: newuser1744734262.624751 | From: 127.0.0.1:61817
2025-04-15 12:24:24,122 - pygate.gateway - INFO - 65915f9c-f842-4105-93cf-bc915707888c | Endpoint: DELETE /platform/api/testTjZuISYP/v1
2025-04-15 12:24:24,122 - pygate.gateway - INFO - 65915f9c-f842-4105-93cf-bc915707888c | Endpoint: DELETE /platform/api/testTjZuISYP/v1
2025-04-15 12:24:24,122 - pygate.gateway - INFO - 65915f9c-f842-4105-93cf-bc915707888c | Deleting API: testTjZuISYP v1
2025-04-15 12:24:24,122 - pygate.gateway - INFO - 65915f9c-f842-4105-93cf-bc915707888c | Deleting API: testTjZuISYP v1
2025-04-15 12:24:24,123 - pygate.gateway - INFO - 65915f9c-f842-4105-93cf-bc915707888c | API deletion successful
2025-04-15 12:24:24,123 - pygate.gateway - INFO - 65915f9c-f842-4105-93cf-bc915707888c | API deletion successful
2025-04-15 12:24:24,123 - pygate.gateway - INFO - 65915f9c-f842-4105-93cf-bc915707888c | Total time: 1.239013671875ms
2025-04-15 12:24:24,123 - pygate.gateway - INFO - 65915f9c-f842-4105-93cf-bc915707888c | Total time: 1.239013671875ms
2025-04-15 12:24:24,128 - pygate.gateway - INFO - db7f2c1b-8aa0-4832-aad5-b2596a5c85b6 | Username: newuser1744734262.624751 | From: 127.0.0.1:61819
2025-04-15 12:24:24,128 - pygate.gateway - INFO - db7f2c1b-8aa0-4832-aad5-b2596a5c85b6 | Username: newuser1744734262.624751 | From: 127.0.0.1:61819
2025-04-15 12:24:24,128 - pygate.gateway - INFO - db7f2c1b-8aa0-4832-aad5-b2596a5c85b6 | Endpoint: PUT /platform/group/testgroup1744734262.804704
2025-04-15 12:24:24,128 - pygate.gateway - INFO - db7f2c1b-8aa0-4832-aad5-b2596a5c85b6 | Endpoint: PUT /platform/group/testgroup1744734262.804704
2025-04-15 12:24:24,128 - pygate.gateway - INFO - db7f2c1b-8aa0-4832-aad5-b2596a5c85b6 | Updating group: testgroup1744734262.804704
2025-04-15 12:24:24,128 - pygate.gateway - INFO - db7f2c1b-8aa0-4832-aad5-b2596a5c85b6 | Updating group: testgroup1744734262.804704
2025-04-15 12:24:24,129 - pygate.gateway - INFO - db7f2c1b-8aa0-4832-aad5-b2596a5c85b6 | Group updated successful
2025-04-15 12:24:24,129 - pygate.gateway - INFO - db7f2c1b-8aa0-4832-aad5-b2596a5c85b6 | Group updated successful
2025-04-15 12:24:24,129 - pygate.gateway - INFO - db7f2c1b-8aa0-4832-aad5-b2596a5c85b6 | Total time: 1.13232421875ms
2025-04-15 12:24:24,129 - pygate.gateway - INFO - db7f2c1b-8aa0-4832-aad5-b2596a5c85b6 | Total time: 1.13232421875ms
2025-04-15 12:24:24,134 - pygate.gateway - INFO - c284eed8-8c6f-432e-b69c-ee38a7784288 | Username: newuser1744734262.624751 | From: 127.0.0.1:61821
2025-04-15 12:24:24,134 - pygate.gateway - INFO - c284eed8-8c6f-432e-b69c-ee38a7784288 | Username: newuser1744734262.624751 | From: 127.0.0.1:61821
2025-04-15 12:24:24,134 - pygate.gateway - INFO - c284eed8-8c6f-432e-b69c-ee38a7784288 | Endpoint: DELETE /platform/group/testgroup1744734262.804704
2025-04-15 12:24:24,134 - pygate.gateway - INFO - c284eed8-8c6f-432e-b69c-ee38a7784288 | Endpoint: DELETE /platform/group/testgroup1744734262.804704
2025-04-15 12:24:24,135 - pygate.gateway - INFO - c284eed8-8c6f-432e-b69c-ee38a7784288 | Deleting group: testgroup1744734262.804704
2025-04-15 12:24:24,135 - pygate.gateway - INFO - c284eed8-8c6f-432e-b69c-ee38a7784288 | Deleting group: testgroup1744734262.804704
2025-04-15 12:24:24,135 - pygate.gateway - INFO - c284eed8-8c6f-432e-b69c-ee38a7784288 | Group deletion successful
2025-04-15 12:24:24,135 - pygate.gateway - INFO - c284eed8-8c6f-432e-b69c-ee38a7784288 | Group deletion successful
2025-04-15 12:24:24,135 - pygate.gateway - INFO - c284eed8-8c6f-432e-b69c-ee38a7784288 | Total time: 1.294921875ms
2025-04-15 12:24:24,135 - pygate.gateway - INFO - c284eed8-8c6f-432e-b69c-ee38a7784288 | Total time: 1.294921875ms
2025-04-15 12:24:24,141 - pygate.gateway - INFO - 9bef8ecd-27bb-494a-bfa5-27d3f7524b85 | Username: newuser1744734262.624751 | From: 127.0.0.1:61823
2025-04-15 12:24:24,141 - pygate.gateway - INFO - 9bef8ecd-27bb-494a-bfa5-27d3f7524b85 | Username: newuser1744734262.624751 | From: 127.0.0.1:61823
2025-04-15 12:24:24,141 - pygate.gateway - INFO - 9bef8ecd-27bb-494a-bfa5-27d3f7524b85 | Endpoint: PUT /platform/role/testrole1744734262.614314
2025-04-15 12:24:24,141 - pygate.gateway - INFO - 9bef8ecd-27bb-494a-bfa5-27d3f7524b85 | Endpoint: PUT /platform/role/testrole1744734262.614314
2025-04-15 12:24:24,141 - pygate.gateway - INFO - 9bef8ecd-27bb-494a-bfa5-27d3f7524b85 | Updating: testrole1744734262.614314
2025-04-15 12:24:24,141 - pygate.gateway - INFO - 9bef8ecd-27bb-494a-bfa5-27d3f7524b85 | Updating: testrole1744734262.614314
2025-04-15 12:24:24,142 - pygate.gateway - INFO - 9bef8ecd-27bb-494a-bfa5-27d3f7524b85 | Role update successful
2025-04-15 12:24:24,142 - pygate.gateway - INFO - 9bef8ecd-27bb-494a-bfa5-27d3f7524b85 | Role update successful
2025-04-15 12:24:24,142 - pygate.gateway - INFO - 9bef8ecd-27bb-494a-bfa5-27d3f7524b85 | Total time: 1.018798828125ms
2025-04-15 12:24:24,142 - pygate.gateway - INFO - 9bef8ecd-27bb-494a-bfa5-27d3f7524b85 | Total time: 1.018798828125ms
2025-04-15 12:24:24,154 - pygate.gateway - INFO - a45597e1-545d-422f-bc83-bdb697a0d63e | Username: newuser1744734262.624751 | From: 127.0.0.1:61827
2025-04-15 12:24:24,154 - pygate.gateway - INFO - a45597e1-545d-422f-bc83-bdb697a0d63e | Username: newuser1744734262.624751 | From: 127.0.0.1:61827
2025-04-15 12:24:24,154 - pygate.gateway - INFO - a45597e1-545d-422f-bc83-bdb697a0d63e | Endpoint: DELETE /platform/role/testrole1744734262.614314
2025-04-15 12:24:24,154 - pygate.gateway - INFO - a45597e1-545d-422f-bc83-bdb697a0d63e | Endpoint: DELETE /platform/role/testrole1744734262.614314
2025-04-15 12:24:24,155 - pygate.gateway - INFO - a45597e1-545d-422f-bc83-bdb697a0d63e | Deleting role: testrole1744734262.614314
2025-04-15 12:24:24,155 - pygate.gateway - INFO - a45597e1-545d-422f-bc83-bdb697a0d63e | Deleting role: testrole1744734262.614314
2025-04-15 12:24:24,155 - pygate.gateway - INFO - a45597e1-545d-422f-bc83-bdb697a0d63e | Role Deletion Successful
2025-04-15 12:24:24,155 - pygate.gateway - INFO - a45597e1-545d-422f-bc83-bdb697a0d63e | Role Deletion Successful
2025-04-15 12:24:24,155 - pygate.gateway - INFO - a45597e1-545d-422f-bc83-bdb697a0d63e | Total time: 1.72314453125ms
2025-04-15 12:24:24,155 - pygate.gateway - INFO - a45597e1-545d-422f-bc83-bdb697a0d63e | Total time: 1.72314453125ms
2025-04-15 12:24:50,699 - __main__ - INFO - No running instance found
